<?xml version="1.0" encoding="UTF-8"?>
<!-- Generated by org.testng.reporters.JUnitXMLReporter -->
<testsuite ignored="0" hostname="LAPTOP-BEA7S7NM" failures="1" tests="5" name="Test Chrome" time="140.467" errors="0" timestamp="2022-12-09T14:26:49 IST">
  <testcase classname="com.qa.testscripts.AmazonSearch" name="getTest" time="29.687"/>
  <testcase classname="com.qa.testscripts.AmazonSearch" name="getTest" time="30.069"/>
  <testcase classname="com.qa.testscripts.AmazonSearch" name="getTest" time="29.909"/>
  <testcase classname="com.qa.testscripts.AmazonSearch" name="getTest" time="29.398"/>
  <testcase classname="com.qa.testscripts.AmazonSearch" name="getTest" time="10.342">
    <failure type="org.openqa.selenium.NoSuchElementException" message="Cannot locate element with text: Amaxon
For documentation on this error, please visit: https://www.seleniumhq.org/exceptions/no_such_element.html
Build info: version: &amp;apos;3.141.59&amp;apos;, revision: &amp;apos;e82be7d358&amp;apos;, time: &amp;apos;2018-11-14T08:17:03&amp;apos;
System info: host: &amp;apos;LAPTOP-BEA7S7NM&amp;apos;, ip: &amp;apos;10.56.5.179&amp;apos;, os.name: &amp;apos;Windows 11&amp;apos;, os.arch: &amp;apos;amd64&amp;apos;, os.version: &amp;apos;10.0&amp;apos;, java.version: &amp;apos;18.0.2&amp;apos;
Driver info: driver.version: unknown">
      <![CDATA[org.openqa.selenium.NoSuchElementException: Cannot locate element with text: Amaxon
For documentation on this error, please visit: https://www.seleniumhq.org/exceptions/no_such_element.html
Build info: version: '3.141.59', revision: 'e82be7d358', time: '2018-11-14T08:17:03'
System info: host: 'LAPTOP-BEA7S7NM', ip: '10.56.5.179', os.name: 'Windows 11', os.arch: 'amd64', os.version: '10.0', java.version: '18.0.2'
Driver info: driver.version: unknown
at org.openqa.selenium.support.ui.Select.selectByVisibleText(Select.java:147)
at com.qa.testscripts.AmazonSearch.getTest(AmazonSearch.java:48)
at java.base/java.util.ArrayList.forEach(ArrayList.java:1511)
... Removed 25 stack frames]]>
    </failure>
  </testcase> <!-- getTest -->
</testsuite> <!-- Test Chrome -->
